[2024-11-26 23:52:53] local.ERROR: SQLSTATE[HY000]: General error: 1005 Can't create table `flashcard_platform`.`flashcards` (errno: 150 "Foreign key constraint is incorrectly formed") (Connection: mysql, SQL: alter table `flashcards` add constraint `flashcards_set_id_foreign` foreign key (`set_id`) references `flashcard_sets` (`id`)) {"exception":"[object] (Illuminate\\Database\\QueryException(code: HY000): SQLSTATE[HY000]: General error: 1005 Can't create table `flashcard_platform`.`flashcards` (errno: 150 \"Foreign key constraint is incorrectly formed\") (Connection: mysql, SQL: alter table `flashcards` add constraint `flashcards_set_id_foreign` foreign key (`set_id`) references `flashcard_sets` (`id`)) at D:\\Work\\Office\\Xampp8.1.1\\htdocs\\flashcard-platform\\vendor\\laravel\\framework\\src\\Illuminate\\Database\\Connection.php:829)
[stacktrace]
#0 D:\\Work\\Office\\Xampp8.1.1\\htdocs\\flashcard-platform\\vendor\\laravel\\framework\\src\\Illuminate\\Database\\Connection.php(783): Illuminate\\Database\\Connection->runQueryCallback('alter table `fl...', Array, Object(Closure))
#1 D:\\Work\\Office\\Xampp8.1.1\\htdocs\\flashcard-platform\\vendor\\laravel\\framework\\src\\Illuminate\\Database\\Connection.php(588): Illuminate\\Database\\Connection->run('alter table `fl...', Array, Object(Closure))
#2 D:\\Work\\Office\\Xampp8.1.1\\htdocs\\flashcard-platform\\vendor\\laravel\\framework\\src\\Illuminate\\Database\\Schema\\Blueprint.php(110): Illuminate\\Database\\Connection->statement('alter table `fl...')
#3 D:\\Work\\Office\\Xampp8.1.1\\htdocs\\flashcard-platform\\vendor\\laravel\\framework\\src\\Illuminate\\Database\\Schema\\Builder.php(602): Illuminate\\Database\\Schema\\Blueprint->build(Object(Illuminate\\Database\\MySqlConnection), Object(Illuminate\\Database\\Schema\\Grammars\\MySqlGrammar))
#4 D:\\Work\\Office\\Xampp8.1.1\\htdocs\\flashcard-platform\\vendor\\laravel\\framework\\src\\Illuminate\\Database\\Schema\\Builder.php(460): Illuminate\\Database\\Schema\\Builder->build(Object(Illuminate\\Database\\Schema\\Blueprint))
#5 D:\\Work\\Office\\Xampp8.1.1\\htdocs\\flashcard-platform\\vendor\\laravel\\framework\\src\\Illuminate\\Support\\Facades\\Facade.php(355): Illuminate\\Database\\Schema\\Builder->create('flashcards', Object(Closure))
#6 D:\\Work\\Office\\Xampp8.1.1\\htdocs\\flashcard-platform\\database\\migrations\\2024_11_26_235210_create_flashcards_table.php(21): Illuminate\\Support\\Facades\\Facade::__callStatic('create', Array)
#7 D:\\Work\\Office\\Xampp8.1.1\\htdocs\\flashcard-platform\\vendor\\laravel\\framework\\src\\Illuminate\\Database\\Migrations\\Migrator.php(493): Illuminate\\Database\\Migrations\\Migration@anonymous->up()
#8 D:\\Work\\Office\\Xampp8.1.1\\htdocs\\flashcard-platform\\vendor\\laravel\\framework\\src\\Illuminate\\Database\\Migrations\\Migrator.php(410): Illuminate\\Database\\Migrations\\Migrator->runMethod(Object(Illuminate\\Database\\MySqlConnection), Object(Illuminate\\Database\\Migrations\\Migration@anonymous), 'up')
#9 D:\\Work\\Office\\Xampp8.1.1\\htdocs\\flashcard-platform\\vendor\\laravel\\framework\\src\\Illuminate\\Database\\Migrations\\Migrator.php(419): Illuminate\\Database\\Migrations\\Migrator->Illuminate\\Database\\Migrations\\{closure}()
#10 D:\\Work\\Office\\Xampp8.1.1\\htdocs\\flashcard-platform\\vendor\\laravel\\framework\\src\\Illuminate\\Database\\Migrations\\Migrator.php(216): Illuminate\\Database\\Migrations\\Migrator->runMigration(Object(Illuminate\\Database\\Migrations\\Migration@anonymous), 'up')
#11 D:\\Work\\Office\\Xampp8.1.1\\htdocs\\flashcard-platform\\vendor\\laravel\\framework\\src\\Illuminate\\Console\\View\\Components\\Task.php(37): Illuminate\\Database\\Migrations\\Migrator->Illuminate\\Database\\Migrations\\{closure}()
#12 D:\\Work\\Office\\Xampp8.1.1\\htdocs\\flashcard-platform\\vendor\\laravel\\framework\\src\\Illuminate\\Database\\Migrations\\Migrator.php(756): Illuminate\\Console\\View\\Components\\Task->render('2024_11_26_2352...', Object(Closure))
#13 D:\\Work\\Office\\Xampp8.1.1\\htdocs\\flashcard-platform\\vendor\\laravel\\framework\\src\\Illuminate\\Database\\Migrations\\Migrator.php(216): Illuminate\\Database\\Migrations\\Migrator->write('Illuminate\\\\Cons...', '2024_11_26_2352...', Object(Closure))
#14 D:\\Work\\Office\\Xampp8.1.1\\htdocs\\flashcard-platform\\vendor\\laravel\\framework\\src\\Illuminate\\Database\\Migrations\\Migrator.php(181): Illuminate\\Database\\Migrations\\Migrator->runUp('D:\\\\Work\\\\Office\\\\...', 1, false)
#15 D:\\Work\\Office\\Xampp8.1.1\\htdocs\\flashcard-platform\\vendor\\laravel\\framework\\src\\Illuminate\\Database\\Migrations\\Migrator.php(124): Illuminate\\Database\\Migrations\\Migrator->runPending(Array, Array)
#16 D:\\Work\\Office\\Xampp8.1.1\\htdocs\\flashcard-platform\\vendor\\laravel\\framework\\src\\Illuminate\\Database\\Console\\Migrations\\MigrateCommand.php(92): Illuminate\\Database\\Migrations\\Migrator->run(Array, Array)
#17 D:\\Work\\Office\\Xampp8.1.1\\htdocs\\flashcard-platform\\vendor\\laravel\\framework\\src\\Illuminate\\Database\\Migrations\\Migrator.php(633): Illuminate\\Database\\Console\\Migrations\\MigrateCommand->Illuminate\\Database\\Console\\Migrations\\{closure}()
#18 D:\\Work\\Office\\Xampp8.1.1\\htdocs\\flashcard-platform\\vendor\\laravel\\framework\\src\\Illuminate\\Database\\Console\\Migrations\\MigrateCommand.php(104): Illuminate\\Database\\Migrations\\Migrator->usingConnection(NULL, Object(Closure))
#19 D:\\Work\\Office\\Xampp8.1.1\\htdocs\\flashcard-platform\\vendor\\laravel\\framework\\src\\Illuminate\\Container\\BoundMethod.php(36): Illuminate\\Database\\Console\\Migrations\\MigrateCommand->handle()
#20 D:\\Work\\Office\\Xampp8.1.1\\htdocs\\flashcard-platform\\vendor\\laravel\\framework\\src\\Illuminate\\Container\\Util.php(41): Illuminate\\Container\\BoundMethod::Illuminate\\Container\\{closure}()
#21 D:\\Work\\Office\\Xampp8.1.1\\htdocs\\flashcard-platform\\vendor\\laravel\\framework\\src\\Illuminate\\Container\\BoundMethod.php(93): Illuminate\\Container\\Util::unwrapIfClosure(Object(Closure))
#22 D:\\Work\\Office\\Xampp8.1.1\\htdocs\\flashcard-platform\\vendor\\laravel\\framework\\src\\Illuminate\\Container\\BoundMethod.php(37): Illuminate\\Container\\BoundMethod::callBoundMethod(Object(Illuminate\\Foundation\\Application), Array, Object(Closure))
#23 D:\\Work\\Office\\Xampp8.1.1\\htdocs\\flashcard-platform\\vendor\\laravel\\framework\\src\\Illuminate\\Container\\Container.php(662): Illuminate\\Container\\BoundMethod::call(Object(Illuminate\\Foundation\\Application), Array, Array, NULL)
#24 D:\\Work\\Office\\Xampp8.1.1\\htdocs\\flashcard-platform\\vendor\\laravel\\framework\\src\\Illuminate\\Console\\Command.php(211): Illuminate\\Container\\Container->call(Array)
#25 D:\\Work\\Office\\Xampp8.1.1\\htdocs\\flashcard-platform\\vendor\\symfony\\console\\Command\\Command.php(326): Illuminate\\Console\\Command->execute(Object(Symfony\\Component\\Console\\Input\\ArgvInput), Object(Illuminate\\Console\\OutputStyle))
#26 D:\\Work\\Office\\Xampp8.1.1\\htdocs\\flashcard-platform\\vendor\\laravel\\framework\\src\\Illuminate\\Console\\Command.php(181): Symfony\\Component\\Console\\Command\\Command->run(Object(Symfony\\Component\\Console\\Input\\ArgvInput), Object(Illuminate\\Console\\OutputStyle))
#27 D:\\Work\\Office\\Xampp8.1.1\\htdocs\\flashcard-platform\\vendor\\symfony\\console\\Application.php(1096): Illuminate\\Console\\Command->run(Object(Symfony\\Component\\Console\\Input\\ArgvInput), Object(Symfony\\Component\\Console\\Output\\ConsoleOutput))
#28 D:\\Work\\Office\\Xampp8.1.1\\htdocs\\flashcard-platform\\vendor\\symfony\\console\\Application.php(324): Symfony\\Component\\Console\\Application->doRunCommand(Object(Illuminate\\Database\\Console\\Migrations\\MigrateCommand), Object(Symfony\\Component\\Console\\Input\\ArgvInput), Object(Symfony\\Component\\Console\\Output\\ConsoleOutput))
#29 D:\\Work\\Office\\Xampp8.1.1\\htdocs\\flashcard-platform\\vendor\\symfony\\console\\Application.php(175): Symfony\\Component\\Console\\Application->doRun(Object(Symfony\\Component\\Console\\Input\\ArgvInput), Object(Symfony\\Component\\Console\\Output\\ConsoleOutput))
#30 D:\\Work\\Office\\Xampp8.1.1\\htdocs\\flashcard-platform\\vendor\\laravel\\framework\\src\\Illuminate\\Foundation\\Console\\Kernel.php(201): Symfony\\Component\\Console\\Application->run(Object(Symfony\\Component\\Console\\Input\\ArgvInput), Object(Symfony\\Component\\Console\\Output\\ConsoleOutput))
#31 D:\\Work\\Office\\Xampp8.1.1\\htdocs\\flashcard-platform\\artisan(37): Illuminate\\Foundation\\Console\\Kernel->handle(Object(Symfony\\Component\\Console\\Input\\ArgvInput), Object(Symfony\\Component\\Console\\Output\\ConsoleOutput))
#32 {main}

[previous exception] [object] (PDOException(code: HY000): SQLSTATE[HY000]: General error: 1005 Can't create table `flashcard_platform`.`flashcards` (errno: 150 \"Foreign key constraint is incorrectly formed\") at D:\\Work\\Office\\Xampp8.1.1\\htdocs\\flashcard-platform\\vendor\\laravel\\framework\\src\\Illuminate\\Database\\Connection.php:587)
[stacktrace]
#0 D:\\Work\\Office\\Xampp8.1.1\\htdocs\\flashcard-platform\\vendor\\laravel\\framework\\src\\Illuminate\\Database\\Connection.php(587): PDOStatement->execute()
#1 D:\\Work\\Office\\Xampp8.1.1\\htdocs\\flashcard-platform\\vendor\\laravel\\framework\\src\\Illuminate\\Database\\Connection.php(816): Illuminate\\Database\\Connection->Illuminate\\Database\\{closure}('alter table `fl...', Array)
#2 D:\\Work\\Office\\Xampp8.1.1\\htdocs\\flashcard-platform\\vendor\\laravel\\framework\\src\\Illuminate\\Database\\Connection.php(783): Illuminate\\Database\\Connection->runQueryCallback('alter table `fl...', Array, Object(Closure))
#3 D:\\Work\\Office\\Xampp8.1.1\\htdocs\\flashcard-platform\\vendor\\laravel\\framework\\src\\Illuminate\\Database\\Connection.php(588): Illuminate\\Database\\Connection->run('alter table `fl...', Array, Object(Closure))
#4 D:\\Work\\Office\\Xampp8.1.1\\htdocs\\flashcard-platform\\vendor\\laravel\\framework\\src\\Illuminate\\Database\\Schema\\Blueprint.php(110): Illuminate\\Database\\Connection->statement('alter table `fl...')
#5 D:\\Work\\Office\\Xampp8.1.1\\htdocs\\flashcard-platform\\vendor\\laravel\\framework\\src\\Illuminate\\Database\\Schema\\Builder.php(602): Illuminate\\Database\\Schema\\Blueprint->build(Object(Illuminate\\Database\\MySqlConnection), Object(Illuminate\\Database\\Schema\\Grammars\\MySqlGrammar))
#6 D:\\Work\\Office\\Xampp8.1.1\\htdocs\\flashcard-platform\\vendor\\laravel\\framework\\src\\Illuminate\\Database\\Schema\\Builder.php(460): Illuminate\\Database\\Schema\\Builder->build(Object(Illuminate\\Database\\Schema\\Blueprint))
#7 D:\\Work\\Office\\Xampp8.1.1\\htdocs\\flashcard-platform\\vendor\\laravel\\framework\\src\\Illuminate\\Support\\Facades\\Facade.php(355): Illuminate\\Database\\Schema\\Builder->create('flashcards', Object(Closure))
#8 D:\\Work\\Office\\Xampp8.1.1\\htdocs\\flashcard-platform\\database\\migrations\\2024_11_26_235210_create_flashcards_table.php(21): Illuminate\\Support\\Facades\\Facade::__callStatic('create', Array)
#9 D:\\Work\\Office\\Xampp8.1.1\\htdocs\\flashcard-platform\\vendor\\laravel\\framework\\src\\Illuminate\\Database\\Migrations\\Migrator.php(493): Illuminate\\Database\\Migrations\\Migration@anonymous->up()
#10 D:\\Work\\Office\\Xampp8.1.1\\htdocs\\flashcard-platform\\vendor\\laravel\\framework\\src\\Illuminate\\Database\\Migrations\\Migrator.php(410): Illuminate\\Database\\Migrations\\Migrator->runMethod(Object(Illuminate\\Database\\MySqlConnection), Object(Illuminate\\Database\\Migrations\\Migration@anonymous), 'up')
#11 D:\\Work\\Office\\Xampp8.1.1\\htdocs\\flashcard-platform\\vendor\\laravel\\framework\\src\\Illuminate\\Database\\Migrations\\Migrator.php(419): Illuminate\\Database\\Migrations\\Migrator->Illuminate\\Database\\Migrations\\{closure}()
#12 D:\\Work\\Office\\Xampp8.1.1\\htdocs\\flashcard-platform\\vendor\\laravel\\framework\\src\\Illuminate\\Database\\Migrations\\Migrator.php(216): Illuminate\\Database\\Migrations\\Migrator->runMigration(Object(Illuminate\\Database\\Migrations\\Migration@anonymous), 'up')
#13 D:\\Work\\Office\\Xampp8.1.1\\htdocs\\flashcard-platform\\vendor\\laravel\\framework\\src\\Illuminate\\Console\\View\\Components\\Task.php(37): Illuminate\\Database\\Migrations\\Migrator->Illuminate\\Database\\Migrations\\{closure}()
#14 D:\\Work\\Office\\Xampp8.1.1\\htdocs\\flashcard-platform\\vendor\\laravel\\framework\\src\\Illuminate\\Database\\Migrations\\Migrator.php(756): Illuminate\\Console\\View\\Components\\Task->render('2024_11_26_2352...', Object(Closure))
#15 D:\\Work\\Office\\Xampp8.1.1\\htdocs\\flashcard-platform\\vendor\\laravel\\framework\\src\\Illuminate\\Database\\Migrations\\Migrator.php(216): Illuminate\\Database\\Migrations\\Migrator->write('Illuminate\\\\Cons...', '2024_11_26_2352...', Object(Closure))
#16 D:\\Work\\Office\\Xampp8.1.1\\htdocs\\flashcard-platform\\vendor\\laravel\\framework\\src\\Illuminate\\Database\\Migrations\\Migrator.php(181): Illuminate\\Database\\Migrations\\Migrator->runUp('D:\\\\Work\\\\Office\\\\...', 1, false)
#17 D:\\Work\\Office\\Xampp8.1.1\\htdocs\\flashcard-platform\\vendor\\laravel\\framework\\src\\Illuminate\\Database\\Migrations\\Migrator.php(124): Illuminate\\Database\\Migrations\\Migrator->runPending(Array, Array)
#18 D:\\Work\\Office\\Xampp8.1.1\\htdocs\\flashcard-platform\\vendor\\laravel\\framework\\src\\Illuminate\\Database\\Console\\Migrations\\MigrateCommand.php(92): Illuminate\\Database\\Migrations\\Migrator->run(Array, Array)
#19 D:\\Work\\Office\\Xampp8.1.1\\htdocs\\flashcard-platform\\vendor\\laravel\\framework\\src\\Illuminate\\Database\\Migrations\\Migrator.php(633): Illuminate\\Database\\Console\\Migrations\\MigrateCommand->Illuminate\\Database\\Console\\Migrations\\{closure}()
#20 D:\\Work\\Office\\Xampp8.1.1\\htdocs\\flashcard-platform\\vendor\\laravel\\framework\\src\\Illuminate\\Database\\Console\\Migrations\\MigrateCommand.php(104): Illuminate\\Database\\Migrations\\Migrator->usingConnection(NULL, Object(Closure))
#21 D:\\Work\\Office\\Xampp8.1.1\\htdocs\\flashcard-platform\\vendor\\laravel\\framework\\src\\Illuminate\\Container\\BoundMethod.php(36): Illuminate\\Database\\Console\\Migrations\\MigrateCommand->handle()
#22 D:\\Work\\Office\\Xampp8.1.1\\htdocs\\flashcard-platform\\vendor\\laravel\\framework\\src\\Illuminate\\Container\\Util.php(41): Illuminate\\Container\\BoundMethod::Illuminate\\Container\\{closure}()
#23 D:\\Work\\Office\\Xampp8.1.1\\htdocs\\flashcard-platform\\vendor\\laravel\\framework\\src\\Illuminate\\Container\\BoundMethod.php(93): Illuminate\\Container\\Util::unwrapIfClosure(Object(Closure))
#24 D:\\Work\\Office\\Xampp8.1.1\\htdocs\\flashcard-platform\\vendor\\laravel\\framework\\src\\Illuminate\\Container\\BoundMethod.php(37): Illuminate\\Container\\BoundMethod::callBoundMethod(Object(Illuminate\\Foundation\\Application), Array, Object(Closure))
#25 D:\\Work\\Office\\Xampp8.1.1\\htdocs\\flashcard-platform\\vendor\\laravel\\framework\\src\\Illuminate\\Container\\Container.php(662): Illuminate\\Container\\BoundMethod::call(Object(Illuminate\\Foundation\\Application), Array, Array, NULL)
#26 D:\\Work\\Office\\Xampp8.1.1\\htdocs\\flashcard-platform\\vendor\\laravel\\framework\\src\\Illuminate\\Console\\Command.php(211): Illuminate\\Container\\Container->call(Array)
#27 D:\\Work\\Office\\Xampp8.1.1\\htdocs\\flashcard-platform\\vendor\\symfony\\console\\Command\\Command.php(326): Illuminate\\Console\\Command->execute(Object(Symfony\\Component\\Console\\Input\\ArgvInput), Object(Illuminate\\Console\\OutputStyle))
#28 D:\\Work\\Office\\Xampp8.1.1\\htdocs\\flashcard-platform\\vendor\\laravel\\framework\\src\\Illuminate\\Console\\Command.php(181): Symfony\\Component\\Console\\Command\\Command->run(Object(Symfony\\Component\\Console\\Input\\ArgvInput), Object(Illuminate\\Console\\OutputStyle))
#29 D:\\Work\\Office\\Xampp8.1.1\\htdocs\\flashcard-platform\\vendor\\symfony\\console\\Application.php(1096): Illuminate\\Console\\Command->run(Object(Symfony\\Component\\Console\\Input\\ArgvInput), Object(Symfony\\Component\\Console\\Output\\ConsoleOutput))
#30 D:\\Work\\Office\\Xampp8.1.1\\htdocs\\flashcard-platform\\vendor\\symfony\\console\\Application.php(324): Symfony\\Component\\Console\\Application->doRunCommand(Object(Illuminate\\Database\\Console\\Migrations\\MigrateCommand), Object(Symfony\\Component\\Console\\Input\\ArgvInput), Object(Symfony\\Component\\Console\\Output\\ConsoleOutput))
#31 D:\\Work\\Office\\Xampp8.1.1\\htdocs\\flashcard-platform\\vendor\\symfony\\console\\Application.php(175): Symfony\\Component\\Console\\Application->doRun(Object(Symfony\\Component\\Console\\Input\\ArgvInput), Object(Symfony\\Component\\Console\\Output\\ConsoleOutput))
#32 D:\\Work\\Office\\Xampp8.1.1\\htdocs\\flashcard-platform\\vendor\\laravel\\framework\\src\\Illuminate\\Foundation\\Console\\Kernel.php(201): Symfony\\Component\\Console\\Application->run(Object(Symfony\\Component\\Console\\Input\\ArgvInput), Object(Symfony\\Component\\Console\\Output\\ConsoleOutput))
#33 D:\\Work\\Office\\Xampp8.1.1\\htdocs\\flashcard-platform\\artisan(37): Illuminate\\Foundation\\Console\\Kernel->handle(Object(Symfony\\Component\\Console\\Input\\ArgvInput), Object(Symfony\\Component\\Console\\Output\\ConsoleOutput))
#34 {main}
"} 
